Invalid port. Exiting...
Invalid port. Exiting...
1631806522003	geckodriver	INFO	Listening on 127.0.0.1:1027
1631806525034	mozrunner::runner	INFO	Running command: "C:\\Program Files\\Mozilla Firefox\\firefox.exe" "--marionette" "-no-remote" "-profile" "C:\\Users\\91951\\AppData\\Local\\Temp\\rust_mozprofileBQJQfj"
1631806526387	Marionette	INFO	Marionette enabled
console.warn: SearchSettings: "get: No settings file exists, new profile?" (new NotFoundError("Could not open the file at C:\\Users\\91951\\AppData\\Local\\Temp\\rust_mozprofileBQJQfj\\search.json.mozlz4", (void 0)))
1631806530760	Marionette	INFO	Listening on port 1051
1631806531126	RemoteAgent	WARN	TLS certificate errors will be ignored for this session
1631806531131	RemoteAgent	INFO	Proxy settings initialised: {"proxyType":"manual","httpProxy":"185.254.65.225:8800","sslProxy":"185.254.65.225:8800"}
1631806543478	Marionette	INFO	Stopped listening on port 1051
JavaScript error: resource:///modules/Interactions.jsm, line 230: NS_ERROR_FAILURE: Component returned failure code: 0x80004005 (NS_ERROR_FAILURE) [nsIUserIdleService.removeIdleObserver]
1631811235254	geckodriver	INFO	Listening on 127.0.0.1:1026
1631811238290	mozrunner::runner	INFO	Running command: "C:\\Program Files\\Mozilla Firefox\\firefox.exe" "--marionette" "-no-remote" "-profile" "C:\\Users\\91951\\AppData\\Local\\Temp\\rust_mozprofiler662xm"
1631811239532	Marionette	INFO	Marionette enabled
console.warn: SearchSettings: "get: No settings file exists, new profile?" (new NotFoundError("Could not open the file at C:\\Users\\91951\\AppData\\Local\\Temp\\rust_mozprofiler662xm\\search.json.mozlz4", (void 0)))
1631811244199	Marionette	INFO	Listening on port 1045
1631811244662	RemoteAgent	WARN	TLS certificate errors will be ignored for this session
1631811244668	RemoteAgent	INFO	Proxy settings initialised: {"proxyType":"manual","httpProxy":"185.201.245.130:8800","sslProxy":"185.201.245.130:8800"}
1631811313187	geckodriver	INFO	Listening on 127.0.0.1:1089
1631811318290	geckodriver	INFO	Listening on 127.0.0.1:1096
1631811321314	mozrunner::runner	INFO	Running command: "C:\\Program Files\\Mozilla Firefox\\firefox.exe" "--marionette" "-no-remote" "-profile" "C:\\Users\\91951\\AppData\\Local\\Temp\\rust_mozprofileWcyl5h"
1631811322260	Marionette	INFO	Marionette enabled
console.warn: SearchSettings: "get: No settings file exists, new profile?" (new NotFoundError("Could not open the file at C:\\Users\\91951\\AppData\\Local\\Temp\\rust_mozprofileWcyl5h\\search.json.mozlz4", (void 0)))
1631811326358	Marionette	INFO	Listening on port 1104
1631811326652	RemoteAgent	WARN	TLS certificate errors will be ignored for this session
1631811326658	RemoteAgent	INFO	Proxy settings initialised: {"proxyType":"manual","httpProxy":"185.201.245.130:8800","sslProxy":"185.201.245.130:8800"}
1631811331790	Marionette	WARN	Ignoring event 'pageshow' because document has an invalid readyState of 'interactive'.
1631811335419	Marionette	INFO	Stopped listening on port 1104
JavaScript error: resource:///modules/Interactions.jsm, line 230: NS_ERROR_FAILURE: Component returned failure code: 0x80004005 (NS_ERROR_FAILURE) [nsIUserIdleService.removeIdleObserver]
JavaScript error: chrome://remote/content/marionette/cert.js, line 55: NS_ERROR_NOT_AVAILABLE: Component returned failure code: 0x80040111 (NS_ERROR_NOT_AVAILABLE) [nsICertOverrideService.setDisableAllSecurityChecksAndLetAttackersInterceptMyData]
1631811444547	geckodriver	INFO	Listening on 127.0.0.1:10172
1631811447589	mozrunner::runner	INFO	Running command: "C:\\Program Files\\Mozilla Firefox\\firefox.exe" "--marionette" "-no-remote" "-profile" "C:\\Users\\91951\\AppData\\Local\\Temp\\rust_mozprofilenYxR2C"
1631811448655	Marionette	INFO	Marionette enabled
console.warn: SearchSettings: "get: No settings file exists, new profile?" (new NotFoundError("Could not open the file at C:\\Users\\91951\\AppData\\Local\\Temp\\rust_mozprofilenYxR2C\\search.json.mozlz4", (void 0)))
1631811452589	Marionette	INFO	Listening on port 10180
1631811453092	RemoteAgent	WARN	TLS certificate errors will be ignored for this session
1631811453097	RemoteAgent	INFO	Proxy settings initialised: {"proxyType":"manual","httpProxy":"185.201.245.130:8800","sslProxy":"185.201.245.130:8800"}
JavaScript error: resource://devtools-client-jsonview/lib/require.js, line 170: Error: Script error for: json-viewer
http://requirejs.org/docs/errors.html#scripterror
1631811483268	Marionette	INFO	Stopped listening on port 10180
JavaScript error: resource:///modules/Interactions.jsm, line 230: NS_ERROR_FAILURE: Component returned failure code: 0x80004005 (NS_ERROR_FAILURE) [nsIUserIdleService.removeIdleObserver]
JavaScript error: chrome://remote/content/marionette/cert.js, line 55: NS_ERROR_NOT_AVAILABLE: Component returned failure code: 0x80040111 (NS_ERROR_NOT_AVAILABLE) [nsICertOverrideService.setDisableAllSecurityChecksAndLetAttackersInterceptMyData]

###!!! [Child][MessageChannel] Error: (msgtype=0x590004,name=PHttpChannel::Msg_Cancel) Channel closing: too late to send/recv, messages will be lost


###!!! [Child][MessageChannel] Error: (msgtype=0x590008,name=PHttpChannel::Msg_DeletingChannel) Channel closing: too late to send/recv, messages will be lost

1631812121217	geckodriver	INFO	Listening on 127.0.0.1:1044
1631812124289	mozrunner::runner	INFO	Running command: "C:\\Program Files\\Mozilla Firefox\\firefox.exe" "--marionette" "-no-remote" "-profile" "C:\\Users\\91951\\AppData\\Local\\Temp\\rust_mozprofileBHY1Li"
1631812125571	Marionette	INFO	Marionette enabled
console.warn: SearchSettings: "get: No settings file exists, new profile?" (new NotFoundError("Could not open the file at C:\\Users\\91951\\AppData\\Local\\Temp\\rust_mozprofileBHY1Li\\search.json.mozlz4", (void 0)))
1631812133602	Marionette	INFO	Listening on port 1055
1631812133749	RemoteAgent	WARN	TLS certificate errors will be ignored for this session
1631812133756	RemoteAgent	INFO	Proxy settings initialised: {"proxyType":"manual","httpProxy":"185.201.245.130:8800","sslProxy":"185.201.245.130:8800"}
1631812171972	Marionette	INFO	Stopped listening on port 1055
JavaScript error: resource:///modules/Interactions.jsm, line 230: NS_ERROR_FAILURE: Component returned failure code: 0x80004005 (NS_ERROR_FAILURE) [nsIUserIdleService.removeIdleObserver]

###!!! [Parent][MessageChannel] Error: (msgtype=0x390077,name=PContent::Msg_DestroyBrowsingContextGroup) Closed channel: cannot send/recv


###!!! [Child][RunMessage] Error: Channel closing: too late to send/recv, messages will be lost

1631812176037	geckodriver	INFO	Listening on 127.0.0.1:1149
1631812179069	mozrunner::runner	INFO	Running command: "C:\\Program Files\\Mozilla Firefox\\firefox.exe" "--marionette" "-no-remote" "-profile" "C:\\Users\\91951\\AppData\\Local\\Temp\\rust_mozprofileRRnFkK"
1631812180115	Marionette	INFO	Marionette enabled
console.warn: SearchSettings: "get: No settings file exists, new profile?" (new NotFoundError("Could not open the file at C:\\Users\\91951\\AppData\\Local\\Temp\\rust_mozprofileRRnFkK\\search.json.mozlz4", (void 0)))
1631812184341	Marionette	INFO	Listening on port 1032
1631812184445	RemoteAgent	WARN	TLS certificate errors will be ignored for this session
1631812184450	RemoteAgent	INFO	Proxy settings initialised: {"proxyType":"manual","httpProxy":"185.254.65.225:8800","sslProxy":"185.254.65.225:8800"}
JavaScript error: resource://devtools-client-jsonview/lib/require.js, line 170: Error: Script error for: devtools/client/shared/vendor/react
http://requirejs.org/docs/errors.html#scripterror
JavaScript error: resource://devtools-client-jsonview/lib/require.js, line 170: Error: Script error for: devtools/client/shared/vendor/react-prop-types
http://requirejs.org/docs/errors.html#scripterror
JavaScript error: resource://devtools-client-jsonview/lib/require.js, line 170: Error: Script error for: devtools/client/jsonview/components/JsonPanel
http://requirejs.org/docs/errors.html#scripterror
JavaScript error: resource://devtools-client-jsonview/lib/require.js, line 170: Error: Script error for: devtools/client/jsonview/components/TextPanel
http://requirejs.org/docs/errors.html#scripterror
JavaScript error: resource://devtools-client-jsonview/lib/require.js, line 170: Error: Script error for: devtools/client/jsonview/components/HeadersPanel
http://requirejs.org/docs/errors.html#scripterror
JavaScript error: resource://devtools-client-jsonview/lib/require.js, line 170: Error: Script error for: devtools/client/shared/components/tabs/Tabs
http://requirejs.org/docs/errors.html#scripterror
1631812918244	geckodriver	INFO	Listening on 127.0.0.1:1044
1631812921322	mozrunner::runner	INFO	Running command: "C:\\Program Files\\Mozilla Firefox\\firefox.exe" "--marionette" "-no-remote" "-profile" "C:\\Users\\91951\\AppData\\Local\\Temp\\rust_mozprofileR1200J"
1631812922595	Marionette	INFO	Marionette enabled
console.warn: SearchSettings: "get: No settings file exists, new profile?" (new NotFoundError("Could not open the file at C:\\Users\\91951\\AppData\\Local\\Temp\\rust_mozprofileR1200J\\search.json.mozlz4", (void 0)))
1631812927478	Marionette	INFO	Listening on port 1055
1631812927712	RemoteAgent	WARN	TLS certificate errors will be ignored for this session
1631812927716	RemoteAgent	INFO	Proxy settings initialised: {"proxyType":"manual","httpProxy":"185.201.245.130:8800","sslProxy":"185.201.245.130:8800"}
JavaScript error: resource://devtools-client-jsonview/lib/require.js, line 170: Error: Script error for: devtools/client/shared/components/tree/TreeView
http://requirejs.org/docs/errors.html#scripterror
JavaScript error: resource://devtools-client-jsonview/lib/require.js, line 170: Error: Script error for: devtools/client/shared/vendor/react-prop-types
http://requirejs.org/docs/errors.html#scripterror
JavaScript error: resource://devtools-client-jsonview/lib/require.js, line 170: Error: Script error for: devtools/client/jsonview/components/JsonPanel
http://requirejs.org/docs/errors.html#scripterror
JavaScript error: resource://devtools-client-jsonview/lib/require.js, line 170: Error: Script error for: devtools/client/jsonview/components/TextPanel
http://requirejs.org/docs/errors.html#scripterror
JavaScript error: resource://devtools-client-jsonview/lib/require.js, line 170: Error: Script error for: devtools/client/jsonview/components/HeadersPanel
http://requirejs.org/docs/errors.html#scripterror
JavaScript error: resource://devtools-client-jsonview/lib/require.js, line 170: Error: Script error for: devtools/client/shared/components/tabs/Tabs
http://requirejs.org/docs/errors.html#scripterror
JavaScript error: resource://devtools-client-jsonview/lib/require.js, line 170: Error: Script error for: devtools/client/shared/vendor/react
http://requirejs.org/docs/errors.html#scripterror
1631812967344	Marionette	INFO	Stopped listening on port 1055
JavaScript error: resource:///modules/Interactions.jsm, line 230: NS_ERROR_FAILURE: Component returned failure code: 0x80004005 (NS_ERROR_FAILURE) [nsIUserIdleService.removeIdleObserver]

###!!! [Child][RunMessage] Error: Channel closing: too late to send/recv, messages will be lost

1631812970706	geckodriver	INFO	Listening on 127.0.0.1:1075
1631812973721	mozrunner::runner	INFO	Running command: "C:\\Program Files\\Mozilla Firefox\\firefox.exe" "--marionette" "-no-remote" "-profile" "C:\\Users\\91951\\AppData\\Local\\Temp\\rust_mozprofile5r0HJA"
1631812975026	Marionette	INFO	Marionette enabled
console.warn: SearchSettings: "get: No settings file exists, new profile?" (new NotFoundError("Could not open the file at C:\\Users\\91951\\AppData\\Local\\Temp\\rust_mozprofile5r0HJA\\search.json.mozlz4", (void 0)))
1631812979632	Marionette	INFO	Listening on port 1091
1631812980070	RemoteAgent	WARN	TLS certificate errors will be ignored for this session
1631812980075	RemoteAgent	INFO	Proxy settings initialised: {"proxyType":"manual","httpProxy":"185.254.65.225:8800","sslProxy":"185.254.65.225:8800"}
1631813019634	Marionette	INFO	Stopped listening on port 1091
JavaScript error: resource:///modules/Interactions.jsm, line 230: NS_ERROR_FAILURE: Component returned failure code: 0x80004005 (NS_ERROR_FAILURE) [nsIUserIdleService.removeIdleObserver]
1631813022837	geckodriver	INFO	Listening on 127.0.0.1:26054
1631813025869	mozrunner::runner	INFO	Running command: "C:\\Program Files\\Mozilla Firefox\\firefox.exe" "--marionette" "-no-remote" "-profile" "C:\\Users\\91951\\AppData\\Local\\Temp\\rust_mozprofileTWrZqG"
1631813026841	Marionette	INFO	Marionette enabled
console.warn: SearchSettings: "get: No settings file exists, new profile?" (new NotFoundError("Could not open the file at C:\\Users\\91951\\AppData\\Local\\Temp\\rust_mozprofileTWrZqG\\search.json.mozlz4", (void 0)))
1631813030954	Marionette	INFO	Listening on port 26062
1631813031233	RemoteAgent	WARN	TLS certificate errors will be ignored for this session
1631813031237	RemoteAgent	INFO	Proxy settings initialised: {"proxyType":"manual","httpProxy":"185.254.65.225:8800","sslProxy":"185.254.65.225:8800"}
1631813089768	geckodriver	INFO	Listening on 127.0.0.1:22279
1631813092826	mozrunner::runner	INFO	Running command: "C:\\Program Files\\Mozilla Firefox\\firefox.exe" "--marionette" "-no-remote" "-profile" "C:\\Users\\91951\\AppData\\Local\\Temp\\rust_mozprofileS2FRW7"
1631813094532	Marionette	INFO	Marionette enabled
console.warn: SearchSettings: "get: No settings file exists, new profile?" (new NotFoundError("Could not open the file at C:\\Users\\91951\\AppData\\Local\\Temp\\rust_mozprofileS2FRW7\\search.json.mozlz4", (void 0)))
1631813100527	Marionette	INFO	Listening on port 22288
1631813100924	RemoteAgent	WARN	TLS certificate errors will be ignored for this session
1631813100930	RemoteAgent	INFO	Proxy settings initialised: {"proxyType":"manual","httpProxy":"185.201.245.130:8800","sslProxy":"185.201.245.130:8800"}
JavaScript error: resource://devtools-client-jsonview/lib/require.js, line 170: Error: Script error for: devtools/client/shared/components/tree/TreeRow
http://requirejs.org/docs/errors.html#scripterror
JavaScript error: resource://devtools-client-jsonview/lib/require.js, line 170: Error: Script error for: devtools/client/shared/scroll
http://requirejs.org/docs/errors.html#scripterror
JavaScript error: resource://devtools-client-jsonview/lib/require.js, line 170: Error: Script error for: devtools/client/jsonview/components/SearchBox
http://requirejs.org/docs/errors.html#scripterror
JavaScript error: resource://devtools-client-jsonview/lib/require.js, line 170: Error: Script error for: devtools/client/jsonview/components/reps/Toolbar
http://requirejs.org/docs/errors.html#scripterror
JavaScript error: resource://devtools-client-jsonview/lib/require.js, line 170: Error: Script error for: devtools/client/shared/components/reps/reps/undefined
http://requirejs.org/docs/errors.html#scripterror
JavaScript error: resource://devtools-client-jsonview/lib/require.js, line 170: Error: Script error for: devtools/client/shared/components/reps/reps/null
http://requirejs.org/docs/errors.html#scripterror
JavaScript error: resource://devtools-client-jsonview/lib/require.js, line 170: Error: Script error for: devtools/client/shared/components/reps/reps/string
http://requirejs.org/docs/errors.html#scripterror
JavaScript error: resource://devtools-client-jsonview/lib/require.js, line 170: Error: Script error for: devtools/client/shared/components/reps/reps/number
http://requirejs.org/docs/errors.html#scripterror
JavaScript error: resource://devtools-client-jsonview/lib/require.js, line 170: Error: Script error for: devtools/client/shared/components/reps/reps/array
http://requirejs.org/docs/errors.html#scripterror
JavaScript error: resource://devtools-client-jsonview/lib/require.js, line 170: Error: Script error for: devtools/client/shared/components/reps/reps/object
http://requirejs.org/docs/errors.html#scripterror
JavaScript error: resource://devtools-client-jsonview/lib/require.js, line 170: Error: Script error for: devtools/client/shared/components/reps/reps/symbol
http://requirejs.org/docs/errors.html#scripterror
JavaScript error: resource://devtools-client-jsonview/lib/require.js, line 170: Error: Script error for: devtools/client/shared/components/reps/reps/infinity
http://requirejs.org/docs/errors.html#scripterror
JavaScript error: resource://devtools-client-jsonview/lib/require.js, line 170: Error: Script error for: devtools/client/shared/components/reps/reps/nan
http://requirejs.org/docs/errors.html#scripterror
JavaScript error: resource://devtools-client-jsonview/lib/require.js, line 170: Error: Script error for: devtools/client/shared/components/reps/reps/accessor
http://requirejs.org/docs/errors.html#scripterror
JavaScript error: resource://devtools-client-jsonview/lib/require.js, line 170: Error: Script error for: devtools/client/shared/components/reps/reps/accessible
http://requirejs.org/docs/errors.html#scripterror
JavaScript error: resource://devtools-client-jsonview/lib/require.js, line 170: Error: Script error for: devtools/client/shared/components/reps/reps/attribute
http://requirejs.org/docs/errors.html#scripterror
JavaScript error: resource://devtools-client-jsonview/lib/require.js, line 170: Error: Script error for: devtools/client/shared/components/reps/reps/big-int
http://requirejs.org/docs/errors.html#scripterror
JavaScript error: resource://devtools-client-jsonview/lib/require.js, line 170: Error: Script error for: devtools/client/shared/components/reps/reps/date-time
http://requirejs.org/docs/errors.html#scripterror
JavaScript error: resource://devtools-client-jsonview/lib/require.js, line 170: Error: Script error for: devtools/client/shared/components/reps/reps/document
http://requirejs.org/docs/errors.html#scripterror
JavaScript error: resource://devtools-client-jsonview/lib/require.js, line 170: Error: Script error for: devtools/client/shared/components/reps/reps/document-type
http://requirejs.org/docs/errors.html#scripterror
JavaScript error: resource://devtools-client-jsonview/lib/require.js, line 170: Error: Script error for: devtools/client/shared/components/reps/reps/event
http://requirejs.org/docs/errors.html#scripterror
JavaScript error: resource://devtools-client-jsonview/lib/require.js, line 170: Error: Script error for: devtools/client/shared/components/reps/reps/function
http://requirejs.org/docs/errors.html#scripterror
JavaScript error: resource://devtools-client-jsonview/lib/require.js, line 170: Error: Script error for: devtools/client/shared/components/reps/reps/promise
http://requirejs.org/docs/errors.html#scripterror
JavaScript error: resource://devtools-client-jsonview/lib/require.js, line 170: Error: Script error for: devtools/client/shared/components/reps/reps/regexp
http://requirejs.org/docs/errors.html#scripterror
JavaScript error: resource://devtools-client-jsonview/lib/require.js, line 170: Error: Script error for: devtools/client/shared/components/reps/reps/stylesheet
http://requirejs.org/docs/errors.html#scripterror
JavaScript error: resource://devtools-client-jsonview/lib/require.js, line 170: Error: Script error for: devtools/client/shared/components/reps/reps/comment-node
http://requirejs.org/docs/errors.html#scripterror
JavaScript error: resource://devtools-client-jsonview/lib/require.js, line 170: Error: Script error for: devtools/client/shared/components/reps/reps/element-node
http://requirejs.org/docs/errors.html#scripterror
JavaScript error: resource://devtools-client-jsonview/lib/require.js, line 170: Error: Script error for: devtools/client/shared/components/reps/reps/text-node
http://requirejs.org/docs/errors.html#scripterror
JavaScript error: resource://devtools-client-jsonview/lib/require.js, line 170: Error: Script error for: devtools/client/shared/components/reps/reps/error
http://requirejs.org/docs/errors.html#scripterror
JavaScript error: resource://devtools-client-jsonview/lib/require.js, line 170: Error: Script error for: devtools/client/shared/components/reps/reps/window
http://requirejs.org/docs/errors.html#scripterror
JavaScript error: resource://devtools-client-jsonview/lib/require.js, line 170: Error: Script error for: devtools/client/shared/components/reps/reps/object-with-text
http://requirejs.org/docs/errors.html#scripterror
JavaScript error: resource://devtools-client-jsonview/lib/require.js, line 170: Error: Script error for: devtools/client/shared/components/reps/reps/object-with-url
http://requirejs.org/docs/errors.html#scripterror
JavaScript error: resource://devtools-client-jsonview/lib/require.js, line 170: Error: Script error for: devtools/client/shared/components/reps/reps/grip-array
http://requirejs.org/docs/errors.html#scripterror
JavaScript error: resource://devtools-client-jsonview/lib/require.js, line 170: Error: Script error for: devtools/client/shared/components/reps/reps/grip-map
http://requirejs.org/docs/errors.html#scripterror
JavaScript error: resource://devtools-client-jsonview/lib/require.js, line 170: Error: Script error for: devtools/client/shared/components/reps/reps/grip-map-entry
http://requirejs.org/docs/errors.html#scripterror
JavaScript error: resource://devtools-client-jsonview/lib/require.js, line 170: Error: Script error for: devtools/client/shared/components/reps/reps/grip
http://requirejs.org/docs/errors.html#scripterror
1631813837694	geckodriver	INFO	Listening on 127.0.0.1:1027
1631813840770	mozrunner::runner	INFO	Running command: "C:\\Program Files\\Mozilla Firefox\\firefox.exe" "--marionette" "-no-remote" "-profile" "C:\\Users\\91951\\AppData\\Local\\Temp\\rust_mozprofile28RH8t"
1631813842091	Marionette	INFO	Marionette enabled
console.warn: SearchSettings: "get: No settings file exists, new profile?" (new NotFoundError("Could not open the file at C:\\Users\\91951\\AppData\\Local\\Temp\\rust_mozprofile28RH8t\\search.json.mozlz4", (void 0)))
1631813847429	Marionette	INFO	Listening on port 1047
1631813847780	RemoteAgent	WARN	TLS certificate errors will be ignored for this session
1631813847786	RemoteAgent	INFO	Proxy settings initialised: {"proxyType":"manual","httpProxy":"185.201.245.130:8800","sslProxy":"185.201.245.130:8800"}
JavaScript error: resource://devtools-client-jsonview/lib/require.js, line 170: Error: Script error for: devtools/client/shared/vendor/react-prop-types
http://requirejs.org/docs/errors.html#scripterror
JavaScript error: resource://devtools-client-jsonview/lib/require.js, line 170: Error: Script error for: devtools/client/jsonview/components/JsonPanel
http://requirejs.org/docs/errors.html#scripterror
JavaScript error: resource://devtools-client-jsonview/lib/require.js, line 170: Error: Script error for: devtools/client/jsonview/components/TextPanel
http://requirejs.org/docs/errors.html#scripterror
JavaScript error: resource://devtools-client-jsonview/lib/require.js, line 170: Error: Script error for: devtools/client/jsonview/components/HeadersPanel
http://requirejs.org/docs/errors.html#scripterror
JavaScript error: resource://devtools-client-jsonview/lib/require.js, line 170: Error: Script error for: devtools/client/shared/components/tabs/Tabs
http://requirejs.org/docs/errors.html#scripterror
JavaScript error: resource://devtools-client-jsonview/lib/require.js, line 170: Error: Script error for: devtools/client/shared/vendor/react
http://requirejs.org/docs/errors.html#scripterror
JavaScript error: resource://devtools-client-jsonview/lib/require.js, line 170: Error: Script error for: devtools/client/shared/vendor/react-dom
http://requirejs.org/docs/errors.html#scripterror
1631813867591	geckodriver	INFO	Listening on 127.0.0.1:1093
1631813870625	mozrunner::runner	INFO	Running command: "C:\\Program Files\\Mozilla Firefox\\firefox.exe" "--marionette" "-no-remote" "-profile" "C:\\Users\\91951\\AppData\\Local\\Temp\\rust_mozprofileD1XG6F"
1631813871416	Marionette	INFO	Marionette enabled
console.warn: SearchSettings: "get: No settings file exists, new profile?" (new NotFoundError("Could not open the file at C:\\Users\\91951\\AppData\\Local\\Temp\\rust_mozprofileD1XG6F\\search.json.mozlz4", (void 0)))
1631813875523	Marionette	INFO	Listening on port 1101
1631813875965	RemoteAgent	WARN	TLS certificate errors will be ignored for this session
1631813875969	RemoteAgent	INFO	Proxy settings initialised: {"proxyType":"manual","httpProxy":"185.201.245.130:8800","sslProxy":"185.201.245.130:8800"}
JavaScript error: resource://devtools-client-jsonview/lib/require.js, line 170: Error: Script error for: devtools/client/shared/components/tree/TreeView
http://requirejs.org/docs/errors.html#scripterror
JavaScript error: resource://devtools-client-jsonview/lib/require.js, line 170: Error: Script error for: devtools/client/shared/vendor/react
http://requirejs.org/docs/errors.html#scripterror
JavaScript error: resource://devtools-client-jsonview/lib/require.js, line 170: Error: Script error for: devtools/client/shared/vendor/react-prop-types
http://requirejs.org/docs/errors.html#scripterror
JavaScript error: resource://devtools-client-jsonview/lib/require.js, line 170: Error: Script error for: devtools/client/jsonview/components/JsonPanel
http://requirejs.org/docs/errors.html#scripterror
JavaScript error: resource://devtools-client-jsonview/lib/require.js, line 170: Error: Script error for: devtools/client/jsonview/components/TextPanel
http://requirejs.org/docs/errors.html#scripterror
JavaScript error: resource://devtools-client-jsonview/lib/require.js, line 170: Error: Script error for: devtools/client/jsonview/components/HeadersPanel
http://requirejs.org/docs/errors.html#scripterror
JavaScript error: resource://devtools-client-jsonview/lib/require.js, line 170: Error: Script error for: devtools/client/shared/components/tabs/Tabs
http://requirejs.org/docs/errors.html#scripterror
